<?xml version="1.0" encoding="UTF-8"?>
<!-- Generated by org.testng.reporters.JUnitReportReporter -->
<testsuite skipped="0" hostname="DESKTOP-K6907SN" name="com.qa.hubspot.tests.TestNGAnnotations" tests="2" failures="0" timestamp="27 Feb 2019 16:58:16 GMT" time="0.016" errors="0">
  <testcase name="test2" time="0.000" classname="com.qa.hubspot.tests.TestNGAnnotations"/>
  <testcase name="test1" time="0.016" classname="com.qa.hubspot.tests.TestNGAnnotations"/>
</testsuite> <!-- com.qa.hubspot.tests.TestNGAnnotations -->
