<?xml version="1.0" encoding="UTF-8"?>
<!-- Generated by org.testng.reporters.JUnitReportReporter -->
<testsuite skipped="0" hostname="DESKTOP-K6907SN" name="com.qa.hubspot.tests.ExpectedExceptionConcept" tests="1" failures="0" timestamp="27 Feb 2019 16:47:18 GMT" time="0.026" errors="0">
  <testcase name="sumTest" time="0.026" classname="com.qa.hubspot.tests.ExpectedExceptionConcept"/>
</testsuite> <!-- com.qa.hubspot.tests.ExpectedExceptionConcept -->
