<?xml version="1.0" encoding="UTF-8"?>
<!-- Generated by org.testng.reporters.JUnitReportReporter -->
<testsuite skipped="0" hostname="DESKTOP-K6907SN" name="com.qa.hubspot.tests.LoginTest" tests="3" failures="0" timestamp="28 Feb 2019 19:06:16 GMT" time="22.170" errors="0">
  <testcase name="verifyLoginPageTitleTest" time="6.589" classname="com.qa.hubspot.tests.LoginTest"/>
  <testcase name="verifySignUpLinkTest" time="7.020" classname="com.qa.hubspot.tests.LoginTest"/>
  <testcase name="loginCorrectCredentialsTest" time="8.561" classname="com.qa.hubspot.tests.LoginTest"/>
</testsuite> <!-- com.qa.hubspot.tests.LoginTest -->
